TN:
SF:/Users/hin/agile/hotelBooking/app.js
FN:70,(anonymous_0)
FN:79,(anonymous_1)
FNF:2
FNH:2
FNDA:2,(anonymous_0)
FNDA:2,(anonymous_1)
DA:1,1
DA:2,1
DA:3,1
DA:4,1
DA:5,1
DA:6,1
DA:7,1
DA:8,1
DA:9,1
DA:11,1
DA:12,1
DA:13,1
DA:14,1
DA:16,1
DA:17,1
DA:21,1
DA:22,1
DA:23,1
DA:24,1
DA:26,1
DA:27,1
DA:28,1
DA:31,1
DA:32,1
DA:34,1
DA:35,1
DA:38,1
DA:40,1
DA:43,1
DA:45,1
DA:47,1
DA:50,1
DA:52,1
DA:56,1
DA:58,1
DA:60,1
DA:62,1
DA:66,1
DA:70,1
DA:71,2
DA:74,1
DA:75,0
DA:79,1
DA:81,2
DA:82,2
DA:85,2
DA:86,2
DA:89,1
LF:48
LH:47
BRDA:74,0,0,0
BRDA:74,0,1,1
BRDA:82,1,0,0
BRDA:82,1,1,2
BRDA:85,2,0,2
BRDA:85,2,1,0
BRF:6
BRH:3
end_of_record
TN:
SF:/Users/hin/agile/hotelBooking/models/bookings.js
FNF:0
FNH:0
DA:9,1
DA:11,1
DA:22,1
LF:3
LH:3
BRF:0
BRH:0
end_of_record
TN:
SF:/Users/hin/agile/hotelBooking/models/customers.js
FNF:0
FNH:0
DA:9,1
DA:11,1
DA:20,1
LF:3
LH:3
BRF:0
BRH:0
end_of_record
TN:
SF:/Users/hin/agile/hotelBooking/models/rooms.js
FNF:0
FNH:0
DA:18,1
DA:20,1
DA:27,1
LF:3
LH:3
BRF:0
BRH:0
end_of_record
TN:
SF:/Users/hin/agile/hotelBooking/routes/bookings.js
FN:19,(anonymous_0)
FN:23,(anonymous_1)
FN:28,(anonymous_2)
FN:32,(anonymous_3)
FN:39,(anonymous_4)
FN:48,(anonymous_5)
FN:62,getTotalAmount
FN:64,(anonymous_7)
FN:68,(anonymous_8)
FN:94,(anonymous_9)
FN:102,(anonymous_10)
FN:124,(anonymous_11)
FN:152,(anonymous_12)
FN:155,(anonymous_13)
FN:170,(anonymous_14)
FN:174,(anonymous_15)
FNF:16
FNH:15
FNDA:0,(anonymous_0)
FNDA:1,(anonymous_1)
FNDA:4,(anonymous_2)
FNDA:4,(anonymous_3)
FNDA:1,(anonymous_4)
FNDA:1,(anonymous_5)
FNDA:1,getTotalAmount
FNDA:3,(anonymous_7)
FNDA:1,(anonymous_8)
FNDA:1,(anonymous_9)
FNDA:1,(anonymous_10)
FNDA:1,(anonymous_11)
FNDA:1,(anonymous_12)
FNDA:1,(anonymous_13)
FNDA:1,(anonymous_14)
FNDA:1,(anonymous_15)
DA:1,1
DA:6,1
DA:11,1
DA:13,1
DA:17,1
DA:19,1
DA:20,0
DA:23,1
DA:24,1
DA:28,1
DA:30,4
DA:32,4
DA:33,4
DA:34,0
DA:36,4
DA:39,1
DA:40,1
DA:48,1
DA:50,1
DA:51,0
DA:53,1
DA:63,1
DA:64,3
DA:65,1
DA:68,1
DA:81,1
DA:82,1
DA:88,1
DA:89,1
DA:90,1
DA:91,1
DA:92,1
DA:93,1
DA:94,1
DA:95,1
DA:96,0
DA:98,1
DA:102,1
DA:106,1
DA:107,1
DA:116,1
DA:125,1
DA:126,0
DA:128,1
DA:152,1
DA:155,1
DA:157,1
DA:160,1
DA:165,0
DA:170,1
DA:174,1
DA:175,1
DA:176,0
DA:178,1
DA:182,1
LF:55
LH:48
BRDA:33,0,0,0
BRDA:33,0,1,4
BRDA:50,1,0,0
BRDA:50,1,1,1
BRDA:95,2,0,0
BRDA:95,2,1,1
BRDA:125,3,0,0
BRDA:125,3,1,1
BRDA:157,4,0,1
BRDA:157,4,1,0
BRDA:175,5,0,0
BRDA:175,5,1,1
BRF:12
BRH:6
end_of_record
TN:
SF:/Users/hin/agile/hotelBooking/routes/customers.js
FN:17,(anonymous_0)
FN:21,(anonymous_1)
FN:25,(anonymous_2)
FN:32,(anonymous_3)
FN:41,(anonymous_4)
FN:43,(anonymous_5)
FN:63,(anonymous_6)
FN:67,(anonymous_7)
FN:74,(anonymous_8)
FN:84,(anonymous_9)
FN:100,(anonymous_10)
FN:112,(anonymous_11)
FNF:12
FNH:1
FNDA:0,(anonymous_0)
FNDA:1,(anonymous_1)
FNDA:0,(anonymous_2)
FNDA:0,(anonymous_3)
FNDA:0,(anonymous_4)
FNDA:0,(anonymous_5)
FNDA:0,(anonymous_6)
FNDA:0,(anonymous_7)
FNDA:0,(anonymous_8)
FNDA:0,(anonymous_9)
FNDA:0,(anonymous_10)
FNDA:0,(anonymous_11)
DA:2,1
DA:7,1
DA:9,1
DA:11,1
DA:15,1
DA:17,1
DA:18,0
DA:21,1
DA:22,1
DA:25,1
DA:26,0
DA:27,0
DA:28,0
DA:29,0
DA:30,0
DA:31,0
DA:32,0
DA:33,0
DA:34,0
DA:37,0
DA:41,1
DA:42,0
DA:43,0
DA:48,0
DA:49,0
DA:53,0
DA:54,0
DA:56,0
DA:63,1
DA:65,0
DA:67,0
DA:68,0
DA:69,0
DA:71,0
DA:74,1
DA:75,0
DA:84,0
DA:85,0
DA:86,0
DA:88,0
DA:100,1
DA:112,0
DA:113,0
DA:115,0
DA:120,0
DA:125,1
LF:46
LH:14
BRDA:33,0,0,0
BRDA:33,0,1,0
BRDA:48,1,0,0
BRDA:48,1,1,0
BRDA:53,2,0,0
BRDA:53,2,1,0
BRDA:68,3,0,0
BRDA:68,3,1,0
BRDA:85,4,0,0
BRDA:85,4,1,0
BRDA:113,5,0,0
BRDA:113,5,1,0
BRF:12
BRH:0
end_of_record
TN:
SF:/Users/hin/agile/hotelBooking/routes/index.js
FN:6,(anonymous_0)
FNF:1
FNH:0
FNDA:0,(anonymous_0)
DA:1,1
DA:2,1
DA:6,1
DA:7,0
DA:10,1
LF:5
LH:4
BRF:0
BRH:0
end_of_record
TN:
SF:/Users/hin/agile/hotelBooking/routes/rooms.js
FN:20,(anonymous_0)
FN:24,(anonymous_1)
FN:29,(anonymous_2)
FN:33,(anonymous_3)
FN:46,(anonymous_4)
FN:48,(anonymous_5)
FN:57,(anonymous_6)
FN:64,(anonymous_7)
FN:72,(anonymous_8)
FN:103,(anonymous_9)
FN:122,(anonymous_10)
FN:124,(anonymous_11)
FNF:12
FNH:1
FNDA:0,(anonymous_0)
FNDA:1,(anonymous_1)
FNDA:0,(anonymous_2)
FNDA:0,(anonymous_3)
FNDA:0,(anonymous_4)
FNDA:0,(anonymous_5)
FNDA:0,(anonymous_6)
FNDA:0,(anonymous_7)
FNDA:0,(anonymous_8)
FNDA:0,(anonymous_9)
FNDA:0,(anonymous_10)
FNDA:0,(anonymous_11)
DA:1,1
DA:7,1
DA:12,1
DA:14,1
DA:18,1
DA:20,1
DA:21,0
DA:24,1
DA:25,1
DA:29,1
DA:31,0
DA:33,0
DA:34,0
DA:35,0
DA:36,0
DA:38,0
DA:46,1
DA:47,0
DA:48,0
DA:49,0
DA:50,0
DA:52,0
DA:57,1
DA:59,0
DA:60,0
DA:61,0
DA:62,0
DA:63,0
DA:64,0
DA:65,0
DA:66,0
DA:68,0
DA:72,1
DA:89,0
DA:90,0
DA:97,0
DA:104,0
DA:105,0
DA:107,0
DA:122,1
DA:124,0
DA:125,0
DA:126,0
DA:130,0
DA:139,1
LF:45
LH:14
BRDA:35,0,0,0
BRDA:35,0,1,0
BRDA:49,1,0,0
BRDA:49,1,1,0
BRDA:65,2,0,0
BRDA:65,2,1,0
BRDA:104,3,0,0
BRDA:104,3,1,0
BRDA:125,4,0,0
BRDA:125,4,1,0
BRF:10
BRH:0
end_of_record
TN:
SF:/Users/hin/agile/hotelBooking/routes/users.js
FN:6,(anonymous_0)
FNF:1
FNH:0
FNDA:0,(anonymous_0)
DA:1,1
DA:2,1
DA:6,1
DA:7,0
DA:10,1
LF:5
LH:4
BRF:0
BRH:0
end_of_record
